Starting Program
training starts
*** JOB 'dftb-ra-st' (ID: 19029847) ***
*** taurusi2097: 1 node(s),  8 core(s) in total ***
*** Submitted in: /lustre/scratch2/ws/1/medranos-DFTB/raghav/code ***

*** [TIMING] start Aug 22, 07:21:41 ***
*** [TIMING] walltime 1-23:59:50 [47:59:50] ends Aug 24, 07:21:31 ***



JOB OUTPUT:
###########################################################################

training starts
41537
Trainset= 1000
Perfoming training
Saved model to disk
Trainset= 2000
Perfoming training
Saved model to disk
Trainset= 4000
Perfoming training
Saved model to disk
Trainset= 8000
Perfoming training
Saved model to disk
Trainset= 10000
Perfoming training
Saved model to disk
Trainset= 20000
Perfoming training
Saved model to disk
Trainset= 30000
Perfoming training
Saved model to disk
training is over :-)

###########################################################################

*** [TIMING] end Aug 23, 04:04:00 ***
*** [TIMING] duration 20:42:29[20:42:19] ***

