The following modules were not unloaded:
  (Use "module --force purge" to unload all):

  1) modenv/scs5
Module Python/3.6.4-intel-2018a and 18 dependencies loaded.
Module cuDNN/8.0.4.30-CUDA-11.1.1 and 1 dependency loaded.
2021-11-04 14:20:47.820481: I tensorflow/core/platform/cpu_feature_guard.cc:142] This TensorFlow binary is optimized with oneAPI Deep Neural Network Library (oneDNN) to use the following CPU instructions in performance-critical operations:  AVX2 FMA
To enable them in other operations, rebuild TensorFlow with the appropriate compiler flags.
2021-11-04 14:20:57.498216: I tensorflow/core/common_runtime/gpu/gpu_device.cc:1510] Created device /job:localhost/replica:0/task:0/device:GPU:0 with 10800 MB memory:  -> device: 0, name: Tesla K80, pci bus id: 0000:04:00.0, compute capability: 3.7
2021-11-04 14:20:57.584245: I tensorflow/core/common_runtime/gpu/gpu_device.cc:1510] Created device /job:localhost/replica:0/task:0/device:GPU:1 with 10800 MB memory:  -> device: 1, name: Tesla K80, pci bus id: 0000:05:00.0, compute capability: 3.7
2021-11-04 14:20:57.585463: I tensorflow/core/common_runtime/gpu/gpu_device.cc:1510] Created device /job:localhost/replica:0/task:0/device:GPU:2 with 10800 MB memory:  -> device: 2, name: Tesla K80, pci bus id: 0000:84:00.0, compute capability: 3.7
2021-11-04 14:20:57.586646: I tensorflow/core/common_runtime/gpu/gpu_device.cc:1510] Created device /job:localhost/replica:0/task:0/device:GPU:3 with 10800 MB memory:  -> device: 3, name: Tesla K80, pci bus id: 0000:85:00.0, compute capability: 3.7
2021-11-04 14:21:06.687462: W tensorflow/core/grappler/optimizers/data/auto_shard.cc:695] AUTO sharding policy will apply DATA sharding policy as it failed to apply FILE sharding policy because of the following reason: Did not find a shardable source, walked to a node which is not a dataset: name: "FlatMapDataset/_9"
op: "FlatMapDataset"
input: "PrefetchDataset/_8"
attr {
  key: "Targuments"
  value {
    list {
    }
  }
}
attr {
  key: "f"
  value {
    func {
      name: "__inference_Dataset_flat_map_slice_batch_indices_404"
    }
  }
}
attr {
  key: "output_shapes"
  value {
    list {
      shape {
        dim {
          size: -1
        }
      }
    }
  }
}
attr {
  key: "output_types"
  value {
    list {
      type: DT_INT64
    }
  }
}
. Consider either turning off auto-sharding or switching the auto_shard_policy to DATA to shard this dataset. You can do this by creating a new `tf.data.Options()` object then setting `options.experimental_distribute.auto_shard_policy = AutoShardPolicy.DATA` before applying the options object to the dataset via `dataset.with_options(options)`.
2021-11-04 14:21:06.815858: I tensorflow/compiler/mlir/mlir_graph_optimization_pass.cc:185] None of the MLIR Optimization Passes are enabled (registered 2)
2021-11-04 14:21:22.736615: W tensorflow/core/grappler/optimizers/data/auto_shard.cc:695] AUTO sharding policy will apply DATA sharding policy as it failed to apply FILE sharding policy because of the following reason: Did not find a shardable source, walked to a node which is not a dataset: name: "FlatMapDataset/_9"
op: "FlatMapDataset"
input: "PrefetchDataset/_8"
attr {
  key: "Targuments"
  value {
    list {
    }
  }
}
attr {
  key: "f"
  value {
    func {
      name: "__inference_Dataset_flat_map_slice_batch_indices_4604"
    }
  }
}
attr {
  key: "output_shapes"
  value {
    list {
      shape {
        dim {
          size: -1
        }
      }
    }
  }
}
attr {
  key: "output_types"
  value {
    list {
      type: DT_INT64
    }
  }
}
. Consider either turning off auto-sharding or switching the auto_shard_policy to DATA to shard this dataset. You can do this by creating a new `tf.data.Options()` object then setting `options.experimental_distribute.auto_shard_policy = AutoShardPolicy.DATA` before applying the options object to the dataset via `dataset.with_options(options)`.
2021-11-04 17:56:14.276099: W tensorflow/core/grappler/optimizers/data/auto_shard.cc:695] AUTO sharding policy will apply DATA sharding policy as it failed to apply FILE sharding policy because of the following reason: Did not find a shardable source, walked to a node which is not a dataset: name: "FlatMapDataset/_9"
op: "FlatMapDataset"
input: "PrefetchDataset/_8"
attr {
  key: "Targuments"
  value {
    list {
    }
  }
}
attr {
  key: "f"
  value {
    func {
      name: "__inference_Dataset_flat_map_slice_batch_indices_8364057"
    }
  }
}
attr {
  key: "output_shapes"
  value {
    list {
      shape {
        dim {
          size: -1
        }
      }
    }
  }
}
attr {
  key: "output_types"
  value {
    list {
      type: DT_INT64
    }
  }
}
. Consider either turning off auto-sharding or switching the auto_shard_policy to DATA to shard this dataset. You can do this by creating a new `tf.data.Options()` object then setting `options.experimental_distribute.auto_shard_policy = AutoShardPolicy.DATA` before applying the options object to the dataset via `dataset.with_options(options)`.
2021-11-04 17:56:18.086552: W tensorflow/core/grappler/optimizers/data/auto_shard.cc:695] AUTO sharding policy will apply DATA sharding policy as it failed to apply FILE sharding policy because of the following reason: Did not find a shardable source, walked to a node which is not a dataset: name: "FlatMapDataset/_9"
op: "FlatMapDataset"
input: "PrefetchDataset/_8"
attr {
  key: "Targuments"
  value {
    list {
    }
  }
}
attr {
  key: "f"
  value {
    func {
      name: "__inference_Dataset_flat_map_slice_batch_indices_8365265"
    }
  }
}
attr {
  key: "output_shapes"
  value {
    list {
      shape {
        dim {
          size: -1
        }
      }
    }
  }
}
attr {
  key: "output_types"
  value {
    list {
      type: DT_INT64
    }
  }
}
. Consider either turning off auto-sharding or switching the auto_shard_policy to DATA to shard this dataset. You can do this by creating a new `tf.data.Options()` object then setting `options.experimental_distribute.auto_shard_policy = AutoShardPolicy.DATA` before applying the options object to the dataset via `dataset.with_options(options)`.
2021-11-04 17:56:24.886936: W tensorflow/core/grappler/optimizers/data/auto_shard.cc:695] AUTO sharding policy will apply DATA sharding policy as it failed to apply FILE sharding policy because of the following reason: Did not find a shardable source, walked to a node which is not a dataset: name: "FlatMapDataset/_9"
op: "FlatMapDataset"
input: "PrefetchDataset/_8"
attr {
  key: "Targuments"
  value {
    list {
    }
  }
}
attr {
  key: "f"
  value {
    func {
      name: "__inference_Dataset_flat_map_slice_batch_indices_8369527"
    }
  }
}
attr {
  key: "output_shapes"
  value {
    list {
      shape {
        dim {
          size: -1
        }
      }
    }
  }
}
attr {
  key: "output_types"
  value {
    list {
      type: DT_INT64
    }
  }
}
. Consider either turning off auto-sharding or switching the auto_shard_policy to DATA to shard this dataset. You can do this by creating a new `tf.data.Options()` object then setting `options.experimental_distribute.auto_shard_policy = AutoShardPolicy.DATA` before applying the options object to the dataset via `dataset.with_options(options)`.
2021-11-04 22:41:06.834274: W tensorflow/core/grappler/optimizers/data/auto_shard.cc:695] AUTO sharding policy will apply DATA sharding policy as it failed to apply FILE sharding policy because of the following reason: Did not find a shardable source, walked to a node which is not a dataset: name: "FlatMapDataset/_9"
op: "FlatMapDataset"
input: "PrefetchDataset/_8"
attr {
  key: "Targuments"
  value {
    list {
    }
  }
}
attr {
  key: "f"
  value {
    func {
      name: "__inference_Dataset_flat_map_slice_batch_indices_17967058"
    }
  }
}
attr {
  key: "output_shapes"
  value {
    list {
      shape {
        dim {
          size: -1
        }
      }
    }
  }
}
attr {
  key: "output_types"
  value {
    list {
      type: DT_INT64
    }
  }
}
. Consider either turning off auto-sharding or switching the auto_shard_policy to DATA to shard this dataset. You can do this by creating a new `tf.data.Options()` object then setting `options.experimental_distribute.auto_shard_policy = AutoShardPolicy.DATA` before applying the options object to the dataset via `dataset.with_options(options)`.
2021-11-04 22:41:10.459467: W tensorflow/core/grappler/optimizers/data/auto_shard.cc:695] AUTO sharding policy will apply DATA sharding policy as it failed to apply FILE sharding policy because of the following reason: Did not find a shardable source, walked to a node which is not a dataset: name: "FlatMapDataset/_9"
op: "FlatMapDataset"
input: "PrefetchDataset/_8"
attr {
  key: "Targuments"
  value {
    list {
    }
  }
}
attr {
  key: "f"
  value {
    func {
      name: "__inference_Dataset_flat_map_slice_batch_indices_17968261"
    }
  }
}
attr {
  key: "output_shapes"
  value {
    list {
      shape {
        dim {
          size: 32
        }
      }
    }
  }
}
attr {
  key: "output_types"
  value {
    list {
      type: DT_INT64
    }
  }
}
. Consider either turning off auto-sharding or switching the auto_shard_policy to DATA to shard this dataset. You can do this by creating a new `tf.data.Options()` object then setting `options.experimental_distribute.auto_shard_policy = AutoShardPolicy.DATA` before applying the options object to the dataset via `dataset.with_options(options)`.
2021-11-04 22:41:17.478414: W tensorflow/core/grappler/optimizers/data/auto_shard.cc:695] AUTO sharding policy will apply DATA sharding policy as it failed to apply FILE sharding policy because of the following reason: Did not find a shardable source, walked to a node which is not a dataset: name: "FlatMapDataset/_9"
op: "FlatMapDataset"
input: "PrefetchDataset/_8"
attr {
  key: "Targuments"
  value {
    list {
    }
  }
}
attr {
  key: "f"
  value {
    func {
      name: "__inference_Dataset_flat_map_slice_batch_indices_17972157"
    }
  }
}
attr {
  key: "output_shapes"
  value {
    list {
      shape {
        dim {
          size: -1
        }
      }
    }
  }
}
attr {
  key: "output_types"
  value {
    list {
      type: DT_INT64
    }
  }
}
. Consider either turning off auto-sharding or switching the auto_shard_policy to DATA to shard this dataset. You can do this by creating a new `tf.data.Options()` object then setting `options.experimental_distribute.auto_shard_policy = AutoShardPolicy.DATA` before applying the options object to the dataset via `dataset.with_options(options)`.
2021-11-05 05:37:45.540605: W tensorflow/core/grappler/optimizers/data/auto_shard.cc:695] AUTO sharding policy will apply DATA sharding policy as it failed to apply FILE sharding policy because of the following reason: Did not find a shardable source, walked to a node which is not a dataset: name: "FlatMapDataset/_9"
op: "FlatMapDataset"
input: "PrefetchDataset/_8"
attr {
  key: "Targuments"
  value {
    list {
    }
  }
}
attr {
  key: "f"
  value {
    func {
      name: "__inference_Dataset_flat_map_slice_batch_indices_30037984"
    }
  }
}
attr {
  key: "output_shapes"
  value {
    list {
      shape {
        dim {
          size: -1
        }
      }
    }
  }
}
attr {
  key: "output_types"
  value {
    list {
      type: DT_INT64
    }
  }
}
. Consider either turning off auto-sharding or switching the auto_shard_policy to DATA to shard this dataset. You can do this by creating a new `tf.data.Options()` object then setting `options.experimental_distribute.auto_shard_policy = AutoShardPolicy.DATA` before applying the options object to the dataset via `dataset.with_options(options)`.
2021-11-05 05:37:49.209502: W tensorflow/core/grappler/optimizers/data/auto_shard.cc:695] AUTO sharding policy will apply DATA sharding policy as it failed to apply FILE sharding policy because of the following reason: Did not find a shardable source, walked to a node which is not a dataset: name: "FlatMapDataset/_9"
op: "FlatMapDataset"
input: "PrefetchDataset/_8"
attr {
  key: "Targuments"
  value {
    list {
    }
  }
}
attr {
  key: "f"
  value {
    func {
      name: "__inference_Dataset_flat_map_slice_batch_indices_30039187"
    }
  }
}
attr {
  key: "output_shapes"
  value {
    list {
      shape {
        dim {
          size: 32
        }
      }
    }
  }
}
attr {
  key: "output_types"
  value {
    list {
      type: DT_INT64
    }
  }
}
. Consider either turning off auto-sharding or switching the auto_shard_policy to DATA to shard this dataset. You can do this by creating a new `tf.data.Options()` object then setting `options.experimental_distribute.auto_shard_policy = AutoShardPolicy.DATA` before applying the options object to the dataset via `dataset.with_options(options)`.
2021-11-05 05:37:56.354297: W tensorflow/core/grappler/optimizers/data/auto_shard.cc:695] AUTO sharding policy will apply DATA sharding policy as it failed to apply FILE sharding policy because of the following reason: Did not find a shardable source, walked to a node which is not a dataset: name: "FlatMapDataset/_9"
op: "FlatMapDataset"
input: "PrefetchDataset/_8"
attr {
  key: "Targuments"
  value {
    list {
    }
  }
}
attr {
  key: "f"
  value {
    func {
      name: "__inference_Dataset_flat_map_slice_batch_indices_30043333"
    }
  }
}
attr {
  key: "output_shapes"
  value {
    list {
      shape {
        dim {
          size: -1
        }
      }
    }
  }
}
attr {
  key: "output_types"
  value {
    list {
      type: DT_INT64
    }
  }
}
. Consider either turning off auto-sharding or switching the auto_shard_policy to DATA to shard this dataset. You can do this by creating a new `tf.data.Options()` object then setting `options.experimental_distribute.auto_shard_policy = AutoShardPolicy.DATA` before applying the options object to the dataset via `dataset.with_options(options)`.
2021-11-05 16:28:55.381426: W tensorflow/core/grappler/optimizers/data/auto_shard.cc:695] AUTO sharding policy will apply DATA sharding policy as it failed to apply FILE sharding policy because of the following reason: Did not find a shardable source, walked to a node which is not a dataset: name: "FlatMapDataset/_9"
op: "FlatMapDataset"
input: "PrefetchDataset/_8"
attr {
  key: "Targuments"
  value {
    list {
    }
  }
}
attr {
  key: "f"
  value {
    func {
      name: "__inference_Dataset_flat_map_slice_batch_indices_47109426"
    }
  }
}
attr {
  key: "output_shapes"
  value {
    list {
      shape {
        dim {
          size: -1
        }
      }
    }
  }
}
attr {
  key: "output_types"
  value {
    list {
      type: DT_INT64
    }
  }
}
. Consider either turning off auto-sharding or switching the auto_shard_policy to DATA to shard this dataset. You can do this by creating a new `tf.data.Options()` object then setting `options.experimental_distribute.auto_shard_policy = AutoShardPolicy.DATA` before applying the options object to the dataset via `dataset.with_options(options)`.
2021-11-05 16:28:59.145562: W tensorflow/core/grappler/optimizers/data/auto_shard.cc:695] AUTO sharding policy will apply DATA sharding policy as it failed to apply FILE sharding policy because of the following reason: Did not find a shardable source, walked to a node which is not a dataset: name: "FlatMapDataset/_9"
op: "FlatMapDataset"
input: "PrefetchDataset/_8"
attr {
  key: "Targuments"
  value {
    list {
    }
  }
}
attr {
  key: "f"
  value {
    func {
      name: "__inference_Dataset_flat_map_slice_batch_indices_47110634"
    }
  }
}
attr {
  key: "output_shapes"
  value {
    list {
      shape {
        dim {
          size: -1
        }
      }
    }
  }
}
attr {
  key: "output_types"
  value {
    list {
      type: DT_INT64
    }
  }
}
. Consider either turning off auto-sharding or switching the auto_shard_policy to DATA to shard this dataset. You can do this by creating a new `tf.data.Options()` object then setting `options.experimental_distribute.auto_shard_policy = AutoShardPolicy.DATA` before applying the options object to the dataset via `dataset.with_options(options)`.
2021-11-05 16:29:07.981414: W tensorflow/core/grappler/optimizers/data/auto_shard.cc:695] AUTO sharding policy will apply DATA sharding policy as it failed to apply FILE sharding policy because of the following reason: Did not find a shardable source, walked to a node which is not a dataset: name: "FlatMapDataset/_9"
op: "FlatMapDataset"
input: "PrefetchDataset/_8"
attr {
  key: "Targuments"
  value {
    list {
    }
  }
}
attr {
  key: "f"
  value {
    func {
      name: "__inference_Dataset_flat_map_slice_batch_indices_47115396"
    }
  }
}
attr {
  key: "output_shapes"
  value {
    list {
      shape {
        dim {
          size: -1
        }
      }
    }
  }
}
attr {
  key: "output_types"
  value {
    list {
      type: DT_INT64
    }
  }
}
. Consider either turning off auto-sharding or switching the auto_shard_policy to DATA to shard this dataset. You can do this by creating a new `tf.data.Options()` object then setting `options.experimental_distribute.auto_shard_policy = AutoShardPolicy.DATA` before applying the options object to the dataset via `dataset.with_options(options)`.
2021-11-06 06:43:47.922440: W tensorflow/core/grappler/optimizers/data/auto_shard.cc:695] AUTO sharding policy will apply DATA sharding policy as it failed to apply FILE sharding policy because of the following reason: Did not find a shardable source, walked to a node which is not a dataset: name: "FlatMapDataset/_9"
op: "FlatMapDataset"
input: "PrefetchDataset/_8"
attr {
  key: "Targuments"
  value {
    list {
    }
  }
}
attr {
  key: "f"
  value {
    func {
      name: "__inference_Dataset_flat_map_slice_batch_indices_66695615"
    }
  }
}
attr {
  key: "output_shapes"
  value {
    list {
      shape {
        dim {
          size: -1
        }
      }
    }
  }
}
attr {
  key: "output_types"
  value {
    list {
      type: DT_INT64
    }
  }
}
. Consider either turning off auto-sharding or switching the auto_shard_policy to DATA to shard this dataset. You can do this by creating a new `tf.data.Options()` object then setting `options.experimental_distribute.auto_shard_policy = AutoShardPolicy.DATA` before applying the options object to the dataset via `dataset.with_options(options)`.
2021-11-06 06:43:51.953810: W tensorflow/core/grappler/optimizers/data/auto_shard.cc:695] AUTO sharding policy will apply DATA sharding policy as it failed to apply FILE sharding policy because of the following reason: Did not find a shardable source, walked to a node which is not a dataset: name: "FlatMapDataset/_9"
op: "FlatMapDataset"
input: "PrefetchDataset/_8"
attr {
  key: "Targuments"
  value {
    list {
    }
  }
}
attr {
  key: "f"
  value {
    func {
      name: "__inference_Dataset_flat_map_slice_batch_indices_66696818"
    }
  }
}
attr {
  key: "output_shapes"
  value {
    list {
      shape {
        dim {
          size: 32
        }
      }
    }
  }
}
attr {
  key: "output_types"
  value {
    list {
      type: DT_INT64
    }
  }
}
. Consider either turning off auto-sharding or switching the auto_shard_policy to DATA to shard this dataset. You can do this by creating a new `tf.data.Options()` object then setting `options.experimental_distribute.auto_shard_policy = AutoShardPolicy.DATA` before applying the options object to the dataset via `dataset.with_options(options)`.
2021-11-06 06:44:01.969763: W tensorflow/core/grappler/optimizers/data/auto_shard.cc:695] AUTO sharding policy will apply DATA sharding policy as it failed to apply FILE sharding policy because of the following reason: Did not find a shardable source, walked to a node which is not a dataset: name: "FlatMapDataset/_9"
op: "FlatMapDataset"
input: "PrefetchDataset/_8"
attr {
  key: "Targuments"
  value {
    list {
    }
  }
}
attr {
  key: "f"
  value {
    func {
      name: "__inference_Dataset_flat_map_slice_batch_indices_66701714"
    }
  }
}
attr {
  key: "output_shapes"
  value {
    list {
      shape {
        dim {
          size: -1
        }
      }
    }
  }
}
attr {
  key: "output_types"
  value {
    list {
      type: DT_INT64
    }
  }
}
. Consider either turning off auto-sharding or switching the auto_shard_policy to DATA to shard this dataset. You can do this by creating a new `tf.data.Options()` object then setting `options.experimental_distribute.auto_shard_policy = AutoShardPolicy.DATA` before applying the options object to the dataset via `dataset.with_options(options)`.
2021-11-07 08:02:04.738809: W tensorflow/core/grappler/optimizers/data/auto_shard.cc:695] AUTO sharding policy will apply DATA sharding policy as it failed to apply FILE sharding policy because of the following reason: Did not find a shardable source, walked to a node which is not a dataset: name: "FlatMapDataset/_9"
op: "FlatMapDataset"
input: "PrefetchDataset/_8"
attr {
  key: "Targuments"
  value {
    list {
    }
  }
}
attr {
  key: "f"
  value {
    func {
      name: "__inference_Dataset_flat_map_slice_batch_indices_98773957"
    }
  }
}
attr {
  key: "output_shapes"
  value {
    list {
      shape {
        dim {
          size: -1
        }
      }
    }
  }
}
attr {
  key: "output_types"
  value {
    list {
      type: DT_INT64
    }
  }
}
. Consider either turning off auto-sharding or switching the auto_shard_policy to DATA to shard this dataset. You can do this by creating a new `tf.data.Options()` object then setting `options.experimental_distribute.auto_shard_policy = AutoShardPolicy.DATA` before applying the options object to the dataset via `dataset.with_options(options)`.
2021-11-07 08:02:09.101113: W tensorflow/core/grappler/optimizers/data/auto_shard.cc:695] AUTO sharding policy will apply DATA sharding policy as it failed to apply FILE sharding policy because of the following reason: Did not find a shardable source, walked to a node which is not a dataset: name: "FlatMapDataset/_9"
op: "FlatMapDataset"
input: "PrefetchDataset/_8"
attr {
  key: "Targuments"
  value {
    list {
    }
  }
}
attr {
  key: "f"
  value {
    func {
      name: "__inference_Dataset_flat_map_slice_batch_indices_98775165"
    }
  }
}
attr {
  key: "output_shapes"
  value {
    list {
      shape {
        dim {
          size: -1
        }
      }
    }
  }
}
attr {
  key: "output_types"
  value {
    list {
      type: DT_INT64
    }
  }
}
. Consider either turning off auto-sharding or switching the auto_shard_policy to DATA to shard this dataset. You can do this by creating a new `tf.data.Options()` object then setting `options.experimental_distribute.auto_shard_policy = AutoShardPolicy.DATA` before applying the options object to the dataset via `dataset.with_options(options)`.
2021-11-07 08:02:21.774263: W tensorflow/core/grappler/optimizers/data/auto_shard.cc:695] AUTO sharding policy will apply DATA sharding policy as it failed to apply FILE sharding policy because of the following reason: Did not find a shardable source, walked to a node which is not a dataset: name: "FlatMapDataset/_9"
op: "FlatMapDataset"
input: "PrefetchDataset/_8"
attr {
  key: "Targuments"
  value {
    list {
    }
  }
}
attr {
  key: "f"
  value {
    func {
      name: "__inference_Dataset_flat_map_slice_batch_indices_98781177"
    }
  }
}
attr {
  key: "output_shapes"
  value {
    list {
      shape {
        dim {
          size: -1
        }
      }
    }
  }
}
attr {
  key: "output_types"
  value {
    list {
      type: DT_INT64
    }
  }
}
. Consider either turning off auto-sharding or switching the auto_shard_policy to DATA to shard this dataset. You can do this by creating a new `tf.data.Options()` object then setting `options.experimental_distribute.auto_shard_policy = AutoShardPolicy.DATA` before applying the options object to the dataset via `dataset.with_options(options)`.
slurmstepd: error: *** JOB 20687645 ON taurusi2089 CANCELLED AT 2021-11-08T13:50:20 DUE TO TIME LIMIT ***
slurmstepd: error: *** JOB 20687645 ON taurusi2089 CANCELLED AT 2021-11-08T13:53:55 ***
