The following modules were not unloaded:
  (Use "module --force purge" to unload all):

  1) modenv/scs5
The following modules were not unloaded:
  (Use "module --force purge" to unload all):

  1) modenv/scs5
Module Python/3.6.4-intel-2018a and 18 dependencies loaded.
Module Python/3.6.4-intel-2018a and 18 dependencies loaded.
Module cuDNN/8.0.4.30-CUDA-11.1.1 and 1 dependency loaded.
Module cuDNN/8.0.4.30-CUDA-11.1.1 and 1 dependency loaded.
2021-11-04 07:23:45.520731: I tensorflow/core/platform/cpu_feature_guard.cc:142] This TensorFlow binary is optimized with oneAPI Deep Neural Network Library (oneDNN) to use the following CPU instructions in performance-critical operations:  AVX2 FMA
To enable them in other operations, rebuild TensorFlow with the appropriate compiler flags.
2021-11-04 07:23:45.520132: I tensorflow/core/platform/cpu_feature_guard.cc:142] This TensorFlow binary is optimized with oneAPI Deep Neural Network Library (oneDNN) to use the following CPU instructions in performance-critical operations:  AVX2 FMA
To enable them in other operations, rebuild TensorFlow with the appropriate compiler flags.
2021-11-04 07:23:50.743285: I tensorflow/core/common_runtime/gpu/gpu_device.cc:1510] Created device /job:localhost/replica:0/task:0/device:GPU:0 with 10800 MB memory:  -> device: 0, name: Tesla K80, pci bus id: 0000:05:00.0, compute capability: 3.7
2021-11-04 07:23:50.820581: I tensorflow/core/common_runtime/gpu/gpu_device.cc:1510] Created device /job:localhost/replica:0/task:0/device:GPU:1 with 10800 MB memory:  -> device: 1, name: Tesla K80, pci bus id: 0000:84:00.0, compute capability: 3.7
2021-11-04 07:23:50.824897: I tensorflow/core/common_runtime/gpu/gpu_device.cc:1510] Created device /job:localhost/replica:0/task:0/device:GPU:0 with 10800 MB memory:  -> device: 0, name: Tesla K80, pci bus id: 0000:05:00.0, compute capability: 3.7
2021-11-04 07:23:50.839786: I tensorflow/core/common_runtime/gpu/gpu_device.cc:1510] Created device /job:localhost/replica:0/task:0/device:GPU:1 with 10800 MB memory:  -> device: 1, name: Tesla K80, pci bus id: 0000:84:00.0, compute capability: 3.7
2021-11-04 07:24:00.065495: W tensorflow/core/grappler/optimizers/data/auto_shard.cc:695] AUTO sharding policy will apply DATA sharding policy as it failed to apply FILE sharding policy because of the following reason: Did not find a shardable source, walked to a node which is not a dataset: name: "FlatMapDataset/_9"
op: "FlatMapDataset"
input: "PrefetchDataset/_8"
attr {
  key: "Targuments"
  value {
    list {
    }
  }
}
attr {
  key: "f"
  value {
    func {
      name: "__inference_Dataset_flat_map_slice_batch_indices_273"
    }
  }
}
attr {
  key: "output_shapes"
  value {
    list {
      shape {
        dim {
          size: 16
        }
      }
    }
  }
}
attr {
  key: "output_types"
  value {
    list {
      type: DT_INT64
    }
  }
}
. Consider either turning off auto-sharding or switching the auto_shard_policy to DATA to shard this dataset. You can do this by creating a new `tf.data.Options()` object then setting `options.experimental_distribute.auto_shard_policy = AutoShardPolicy.DATA` before applying the options object to the dataset via `dataset.with_options(options)`.
2021-11-04 07:24:00.066186: W tensorflow/core/grappler/optimizers/data/auto_shard.cc:695] AUTO sharding policy will apply DATA sharding policy as it failed to apply FILE sharding policy because of the following reason: Did not find a shardable source, walked to a node which is not a dataset: name: "FlatMapDataset/_9"
op: "FlatMapDataset"
input: "PrefetchDataset/_8"
attr {
  key: "Targuments"
  value {
    list {
    }
  }
}
attr {
  key: "f"
  value {
    func {
      name: "__inference_Dataset_flat_map_slice_batch_indices_273"
    }
  }
}
attr {
  key: "output_shapes"
  value {
    list {
      shape {
        dim {
          size: 16
        }
      }
    }
  }
}
attr {
  key: "output_types"
  value {
    list {
      type: DT_INT64
    }
  }
}
. Consider either turning off auto-sharding or switching the auto_shard_policy to DATA to shard this dataset. You can do this by creating a new `tf.data.Options()` object then setting `options.experimental_distribute.auto_shard_policy = AutoShardPolicy.DATA` before applying the options object to the dataset via `dataset.with_options(options)`.
2021-11-04 07:24:00.189381: I tensorflow/compiler/mlir/mlir_graph_optimization_pass.cc:185] None of the MLIR Optimization Passes are enabled (registered 2)
2021-11-04 07:24:00.188625: I tensorflow/compiler/mlir/mlir_graph_optimization_pass.cc:185] None of the MLIR Optimization Passes are enabled (registered 2)
2021-11-04 07:24:09.115656: W tensorflow/core/grappler/optimizers/data/auto_shard.cc:695] AUTO sharding policy will apply DATA sharding policy as it failed to apply FILE sharding policy because of the following reason: Did not find a shardable source, walked to a node which is not a dataset: name: "FlatMapDataset/_9"
op: "FlatMapDataset"
input: "PrefetchDataset/_8"
attr {
  key: "Targuments"
  value {
    list {
    }
  }
}
attr {
  key: "f"
  value {
    func {
      name: "__inference_Dataset_flat_map_slice_batch_indices_2481"
    }
  }
}
attr {
  key: "output_shapes"
  value {
    list {
      shape {
        dim {
          size: -1
        }
      }
    }
  }
}
attr {
  key: "output_types"
  value {
    list {
      type: DT_INT64
    }
  }
}
. Consider either turning off auto-sharding or switching the auto_shard_policy to DATA to shard this dataset. You can do this by creating a new `tf.data.Options()` object then setting `options.experimental_distribute.auto_shard_policy = AutoShardPolicy.DATA` before applying the options object to the dataset via `dataset.with_options(options)`.
2021-11-04 07:24:09.124690: W tensorflow/core/grappler/optimizers/data/auto_shard.cc:695] AUTO sharding policy will apply DATA sharding policy as it failed to apply FILE sharding policy because of the following reason: Did not find a shardable source, walked to a node which is not a dataset: name: "FlatMapDataset/_9"
op: "FlatMapDataset"
input: "PrefetchDataset/_8"
attr {
  key: "Targuments"
  value {
    list {
    }
  }
}
attr {
  key: "f"
  value {
    func {
      name: "__inference_Dataset_flat_map_slice_batch_indices_2481"
    }
  }
}
attr {
  key: "output_shapes"
  value {
    list {
      shape {
        dim {
          size: -1
        }
      }
    }
  }
}
attr {
  key: "output_types"
  value {
    list {
      type: DT_INT64
    }
  }
}
. Consider either turning off auto-sharding or switching the auto_shard_policy to DATA to shard this dataset. You can do this by creating a new `tf.data.Options()` object then setting `options.experimental_distribute.auto_shard_policy = AutoShardPolicy.DATA` before applying the options object to the dataset via `dataset.with_options(options)`.
2021-11-04 17:56:56.191668: W tensorflow/core/grappler/optimizers/data/auto_shard.cc:695] AUTO sharding policy will apply DATA sharding policy as it failed to apply FILE sharding policy because of the following reason: Did not find a shardable source, walked to a node which is not a dataset: name: "FlatMapDataset/_9"
op: "FlatMapDataset"
input: "PrefetchDataset/_8"
attr {
  key: "Targuments"
  value {
    list {
    }
  }
}
attr {
  key: "f"
  value {
    func {
      name: "__inference_Dataset_flat_map_slice_batch_indices_25979717"
    }
  }
}
attr {
  key: "output_shapes"
  value {
    list {
      shape {
        dim {
          size: 32
        }
      }
    }
  }
}
attr {
  key: "output_types"
  value {
    list {
      type: DT_INT64
    }
  }
}
. Consider either turning off auto-sharding or switching the auto_shard_policy to DATA to shard this dataset. You can do this by creating a new `tf.data.Options()` object then setting `options.experimental_distribute.auto_shard_policy = AutoShardPolicy.DATA` before applying the options object to the dataset via `dataset.with_options(options)`.
2021-11-04 17:56:59.936341: W tensorflow/core/grappler/optimizers/data/auto_shard.cc:695] AUTO sharding policy will apply DATA sharding policy as it failed to apply FILE sharding policy because of the following reason: Did not find a shardable source, walked to a node which is not a dataset: name: "FlatMapDataset/_9"
op: "FlatMapDataset"
input: "PrefetchDataset/_8"
attr {
  key: "Targuments"
  value {
    list {
    }
  }
}
attr {
  key: "f"
  value {
    func {
      name: "__inference_Dataset_flat_map_slice_batch_indices_25980833"
    }
  }
}
attr {
  key: "output_shapes"
  value {
    list {
      shape {
        dim {
          size: 16
        }
      }
    }
  }
}
attr {
  key: "output_types"
  value {
    list {
      type: DT_INT64
    }
  }
}
. Consider either turning off auto-sharding or switching the auto_shard_policy to DATA to shard this dataset. You can do this by creating a new `tf.data.Options()` object then setting `options.experimental_distribute.auto_shard_policy = AutoShardPolicy.DATA` before applying the options object to the dataset via `dataset.with_options(options)`.
2021-11-04 17:57:05.304513: W tensorflow/core/grappler/optimizers/data/auto_shard.cc:695] AUTO sharding policy will apply DATA sharding policy as it failed to apply FILE sharding policy because of the following reason: Did not find a shardable source, walked to a node which is not a dataset: name: "FlatMapDataset/_9"
op: "FlatMapDataset"
input: "PrefetchDataset/_8"
attr {
  key: "Targuments"
  value {
    list {
    }
  }
}
attr {
  key: "f"
  value {
    func {
      name: "__inference_Dataset_flat_map_slice_batch_indices_25983541"
    }
  }
}
attr {
  key: "output_shapes"
  value {
    list {
      shape {
        dim {
          size: -1
        }
      }
    }
  }
}
attr {
  key: "output_types"
  value {
    list {
      type: DT_INT64
    }
  }
}
. Consider either turning off auto-sharding or switching the auto_shard_policy to DATA to shard this dataset. You can do this by creating a new `tf.data.Options()` object then setting `options.experimental_distribute.auto_shard_policy = AutoShardPolicy.DATA` before applying the options object to the dataset via `dataset.with_options(options)`.
2021-11-04 18:08:30.719613: W tensorflow/core/grappler/optimizers/data/auto_shard.cc:695] AUTO sharding policy will apply DATA sharding policy as it failed to apply FILE sharding policy because of the following reason: Did not find a shardable source, walked to a node which is not a dataset: name: "FlatMapDataset/_9"
op: "FlatMapDataset"
input: "PrefetchDataset/_8"
attr {
  key: "Targuments"
  value {
    list {
    }
  }
}
attr {
  key: "f"
  value {
    func {
      name: "__inference_Dataset_flat_map_slice_batch_indices_25985480"
    }
  }
}
attr {
  key: "output_shapes"
  value {
    list {
      shape {
        dim {
          size: 32
        }
      }
    }
  }
}
attr {
  key: "output_types"
  value {
    list {
      type: DT_INT64
    }
  }
}
. Consider either turning off auto-sharding or switching the auto_shard_policy to DATA to shard this dataset. You can do this by creating a new `tf.data.Options()` object then setting `options.experimental_distribute.auto_shard_policy = AutoShardPolicy.DATA` before applying the options object to the dataset via `dataset.with_options(options)`.
2021-11-04 18:08:34.031421: W tensorflow/core/grappler/optimizers/data/auto_shard.cc:695] AUTO sharding policy will apply DATA sharding policy as it failed to apply FILE sharding policy because of the following reason: Did not find a shardable source, walked to a node which is not a dataset: name: "FlatMapDataset/_9"
op: "FlatMapDataset"
input: "PrefetchDataset/_8"
attr {
  key: "Targuments"
  value {
    list {
    }
  }
}
attr {
  key: "f"
  value {
    func {
      name: "__inference_Dataset_flat_map_slice_batch_indices_25986596"
    }
  }
}
attr {
  key: "output_shapes"
  value {
    list {
      shape {
        dim {
          size: 16
        }
      }
    }
  }
}
attr {
  key: "output_types"
  value {
    list {
      type: DT_INT64
    }
  }
}
. Consider either turning off auto-sharding or switching the auto_shard_policy to DATA to shard this dataset. You can do this by creating a new `tf.data.Options()` object then setting `options.experimental_distribute.auto_shard_policy = AutoShardPolicy.DATA` before applying the options object to the dataset via `dataset.with_options(options)`.
2021-11-04 18:08:39.462969: W tensorflow/core/grappler/optimizers/data/auto_shard.cc:695] AUTO sharding policy will apply DATA sharding policy as it failed to apply FILE sharding policy because of the following reason: Did not find a shardable source, walked to a node which is not a dataset: name: "FlatMapDataset/_9"
op: "FlatMapDataset"
input: "PrefetchDataset/_8"
attr {
  key: "Targuments"
  value {
    list {
    }
  }
}
attr {
  key: "f"
  value {
    func {
      name: "__inference_Dataset_flat_map_slice_batch_indices_25989304"
    }
  }
}
attr {
  key: "output_shapes"
  value {
    list {
      shape {
        dim {
          size: -1
        }
      }
    }
  }
}
attr {
  key: "output_types"
  value {
    list {
      type: DT_INT64
    }
  }
}
. Consider either turning off auto-sharding or switching the auto_shard_policy to DATA to shard this dataset. You can do this by creating a new `tf.data.Options()` object then setting `options.experimental_distribute.auto_shard_policy = AutoShardPolicy.DATA` before applying the options object to the dataset via `dataset.with_options(options)`.
2021-11-05 09:33:13.011733: W tensorflow/core/grappler/optimizers/data/auto_shard.cc:695] AUTO sharding policy will apply DATA sharding policy as it failed to apply FILE sharding policy because of the following reason: Did not find a shardable source, walked to a node which is not a dataset: name: "FlatMapDataset/_9"
op: "FlatMapDataset"
input: "PrefetchDataset/_8"
attr {
  key: "Targuments"
  value {
    list {
    }
  }
}
attr {
  key: "f"
  value {
    func {
      name: "__inference_Dataset_flat_map_slice_batch_indices_61955279"
    }
  }
}
attr {
  key: "output_shapes"
  value {
    list {
      shape {
        dim {
          size: 32
        }
      }
    }
  }
}
attr {
  key: "output_types"
  value {
    list {
      type: DT_INT64
    }
  }
}
. Consider either turning off auto-sharding or switching the auto_shard_policy to DATA to shard this dataset. You can do this by creating a new `tf.data.Options()` object then setting `options.experimental_distribute.auto_shard_policy = AutoShardPolicy.DATA` before applying the options object to the dataset via `dataset.with_options(options)`.
2021-11-05 09:33:16.280612: W tensorflow/core/grappler/optimizers/data/auto_shard.cc:695] AUTO sharding policy will apply DATA sharding policy as it failed to apply FILE sharding policy because of the following reason: Did not find a shardable source, walked to a node which is not a dataset: name: "FlatMapDataset/_9"
op: "FlatMapDataset"
input: "PrefetchDataset/_8"
attr {
  key: "Targuments"
  value {
    list {
    }
  }
}
attr {
  key: "f"
  value {
    func {
      name: "__inference_Dataset_flat_map_slice_batch_indices_61956395"
    }
  }
}
attr {
  key: "output_shapes"
  value {
    list {
      shape {
        dim {
          size: 16
        }
      }
    }
  }
}
attr {
  key: "output_types"
  value {
    list {
      type: DT_INT64
    }
  }
}
. Consider either turning off auto-sharding or switching the auto_shard_policy to DATA to shard this dataset. You can do this by creating a new `tf.data.Options()` object then setting `options.experimental_distribute.auto_shard_policy = AutoShardPolicy.DATA` before applying the options object to the dataset via `dataset.with_options(options)`.
2021-11-05 09:33:22.218166: W tensorflow/core/grappler/optimizers/data/auto_shard.cc:695] AUTO sharding policy will apply DATA sharding policy as it failed to apply FILE sharding policy because of the following reason: Did not find a shardable source, walked to a node which is not a dataset: name: "FlatMapDataset/_9"
op: "FlatMapDataset"
input: "PrefetchDataset/_8"
attr {
  key: "Targuments"
  value {
    list {
    }
  }
}
attr {
  key: "f"
  value {
    func {
      name: "__inference_Dataset_flat_map_slice_batch_indices_61959353"
    }
  }
}
attr {
  key: "output_shapes"
  value {
    list {
      shape {
        dim {
          size: -1
        }
      }
    }
  }
}
attr {
  key: "output_types"
  value {
    list {
      type: DT_INT64
    }
  }
}
. Consider either turning off auto-sharding or switching the auto_shard_policy to DATA to shard this dataset. You can do this by creating a new `tf.data.Options()` object then setting `options.experimental_distribute.auto_shard_policy = AutoShardPolicy.DATA` before applying the options object to the dataset via `dataset.with_options(options)`.
2021-11-05 10:01:22.072924: W tensorflow/core/grappler/optimizers/data/auto_shard.cc:695] AUTO sharding policy will apply DATA sharding policy as it failed to apply FILE sharding policy because of the following reason: Did not find a shardable source, walked to a node which is not a dataset: name: "FlatMapDataset/_9"
op: "FlatMapDataset"
input: "PrefetchDataset/_8"
attr {
  key: "Targuments"
  value {
    list {
    }
  }
}
attr {
  key: "f"
  value {
    func {
      name: "__inference_Dataset_flat_map_slice_batch_indices_61945526"
    }
  }
}
attr {
  key: "output_shapes"
  value {
    list {
      shape {
        dim {
          size: 32
        }
      }
    }
  }
}
attr {
  key: "output_types"
  value {
    list {
      type: DT_INT64
    }
  }
}
. Consider either turning off auto-sharding or switching the auto_shard_policy to DATA to shard this dataset. You can do this by creating a new `tf.data.Options()` object then setting `options.experimental_distribute.auto_shard_policy = AutoShardPolicy.DATA` before applying the options object to the dataset via `dataset.with_options(options)`.
2021-11-05 10:01:25.473996: W tensorflow/core/grappler/optimizers/data/auto_shard.cc:695] AUTO sharding policy will apply DATA sharding policy as it failed to apply FILE sharding policy because of the following reason: Did not find a shardable source, walked to a node which is not a dataset: name: "FlatMapDataset/_9"
op: "FlatMapDataset"
input: "PrefetchDataset/_8"
attr {
  key: "Targuments"
  value {
    list {
    }
  }
}
attr {
  key: "f"
  value {
    func {
      name: "__inference_Dataset_flat_map_slice_batch_indices_61946642"
    }
  }
}
attr {
  key: "output_shapes"
  value {
    list {
      shape {
        dim {
          size: 16
        }
      }
    }
  }
}
attr {
  key: "output_types"
  value {
    list {
      type: DT_INT64
    }
  }
}
. Consider either turning off auto-sharding or switching the auto_shard_policy to DATA to shard this dataset. You can do this by creating a new `tf.data.Options()` object then setting `options.experimental_distribute.auto_shard_policy = AutoShardPolicy.DATA` before applying the options object to the dataset via `dataset.with_options(options)`.
2021-11-05 10:01:31.458844: W tensorflow/core/grappler/optimizers/data/auto_shard.cc:695] AUTO sharding policy will apply DATA sharding policy as it failed to apply FILE sharding policy because of the following reason: Did not find a shardable source, walked to a node which is not a dataset: name: "FlatMapDataset/_9"
op: "FlatMapDataset"
input: "PrefetchDataset/_8"
attr {
  key: "Targuments"
  value {
    list {
    }
  }
}
attr {
  key: "f"
  value {
    func {
      name: "__inference_Dataset_flat_map_slice_batch_indices_61949600"
    }
  }
}
attr {
  key: "output_shapes"
  value {
    list {
      shape {
        dim {
          size: -1
        }
      }
    }
  }
}
attr {
  key: "output_types"
  value {
    list {
      type: DT_INT64
    }
  }
}
. Consider either turning off auto-sharding or switching the auto_shard_policy to DATA to shard this dataset. You can do this by creating a new `tf.data.Options()` object then setting `options.experimental_distribute.auto_shard_policy = AutoShardPolicy.DATA` before applying the options object to the dataset via `dataset.with_options(options)`.
2021-11-06 03:36:22.030337: W tensorflow/core/grappler/optimizers/data/auto_shard.cc:695] AUTO sharding policy will apply DATA sharding policy as it failed to apply FILE sharding policy because of the following reason: Did not find a shardable source, walked to a node which is not a dataset: name: "FlatMapDataset/_9"
op: "FlatMapDataset"
input: "PrefetchDataset/_8"
attr {
  key: "Targuments"
  value {
    list {
    }
  }
}
attr {
  key: "f"
  value {
    func {
      name: "__inference_Dataset_flat_map_slice_batch_indices_102942136"
    }
  }
}
attr {
  key: "output_shapes"
  value {
    list {
      shape {
        dim {
          size: 32
        }
      }
    }
  }
}
attr {
  key: "output_types"
  value {
    list {
      type: DT_INT64
    }
  }
}
. Consider either turning off auto-sharding or switching the auto_shard_policy to DATA to shard this dataset. You can do this by creating a new `tf.data.Options()` object then setting `options.experimental_distribute.auto_shard_policy = AutoShardPolicy.DATA` before applying the options object to the dataset via `dataset.with_options(options)`.
2021-11-06 03:36:25.454425: W tensorflow/core/grappler/optimizers/data/auto_shard.cc:695] AUTO sharding policy will apply DATA sharding policy as it failed to apply FILE sharding policy because of the following reason: Did not find a shardable source, walked to a node which is not a dataset: name: "FlatMapDataset/_9"
op: "FlatMapDataset"
input: "PrefetchDataset/_8"
attr {
  key: "Targuments"
  value {
    list {
    }
  }
}
attr {
  key: "f"
  value {
    func {
      name: "__inference_Dataset_flat_map_slice_batch_indices_102943252"
    }
  }
}
attr {
  key: "output_shapes"
  value {
    list {
      shape {
        dim {
          size: 16
        }
      }
    }
  }
}
attr {
  key: "output_types"
  value {
    list {
      type: DT_INT64
    }
  }
}
. Consider either turning off auto-sharding or switching the auto_shard_policy to DATA to shard this dataset. You can do this by creating a new `tf.data.Options()` object then setting `options.experimental_distribute.auto_shard_policy = AutoShardPolicy.DATA` before applying the options object to the dataset via `dataset.with_options(options)`.
2021-11-06 03:36:33.964477: W tensorflow/core/grappler/optimizers/data/auto_shard.cc:695] AUTO sharding policy will apply DATA sharding policy as it failed to apply FILE sharding policy because of the following reason: Did not find a shardable source, walked to a node which is not a dataset: name: "FlatMapDataset/_9"
op: "FlatMapDataset"
input: "PrefetchDataset/_8"
attr {
  key: "Targuments"
  value {
    list {
    }
  }
}
attr {
  key: "f"
  value {
    func {
      name: "__inference_Dataset_flat_map_slice_batch_indices_102947460"
    }
  }
}
attr {
  key: "output_shapes"
  value {
    list {
      shape {
        dim {
          size: -1
        }
      }
    }
  }
}
attr {
  key: "output_types"
  value {
    list {
      type: DT_INT64
    }
  }
}
. Consider either turning off auto-sharding or switching the auto_shard_policy to DATA to shard this dataset. You can do this by creating a new `tf.data.Options()` object then setting `options.experimental_distribute.auto_shard_policy = AutoShardPolicy.DATA` before applying the options object to the dataset via `dataset.with_options(options)`.
2021-11-06 04:27:00.631489: W tensorflow/core/grappler/optimizers/data/auto_shard.cc:695] AUTO sharding policy will apply DATA sharding policy as it failed to apply FILE sharding policy because of the following reason: Did not find a shardable source, walked to a node which is not a dataset: name: "FlatMapDataset/_9"
op: "FlatMapDataset"
input: "PrefetchDataset/_8"
attr {
  key: "Targuments"
  value {
    list {
    }
  }
}
attr {
  key: "f"
  value {
    func {
      name: "__inference_Dataset_flat_map_slice_batch_indices_102916966"
    }
  }
}
attr {
  key: "output_shapes"
  value {
    list {
      shape {
        dim {
          size: 32
        }
      }
    }
  }
}
attr {
  key: "output_types"
  value {
    list {
      type: DT_INT64
    }
  }
}
. Consider either turning off auto-sharding or switching the auto_shard_policy to DATA to shard this dataset. You can do this by creating a new `tf.data.Options()` object then setting `options.experimental_distribute.auto_shard_policy = AutoShardPolicy.DATA` before applying the options object to the dataset via `dataset.with_options(options)`.
2021-11-06 04:27:04.156114: W tensorflow/core/grappler/optimizers/data/auto_shard.cc:695] AUTO sharding policy will apply DATA sharding policy as it failed to apply FILE sharding policy because of the following reason: Did not find a shardable source, walked to a node which is not a dataset: name: "FlatMapDataset/_9"
op: "FlatMapDataset"
input: "PrefetchDataset/_8"
attr {
  key: "Targuments"
  value {
    list {
    }
  }
}
attr {
  key: "f"
  value {
    func {
      name: "__inference_Dataset_flat_map_slice_batch_indices_102918082"
    }
  }
}
attr {
  key: "output_shapes"
  value {
    list {
      shape {
        dim {
          size: 16
        }
      }
    }
  }
}
attr {
  key: "output_types"
  value {
    list {
      type: DT_INT64
    }
  }
}
. Consider either turning off auto-sharding or switching the auto_shard_policy to DATA to shard this dataset. You can do this by creating a new `tf.data.Options()` object then setting `options.experimental_distribute.auto_shard_policy = AutoShardPolicy.DATA` before applying the options object to the dataset via `dataset.with_options(options)`.
2021-11-06 04:27:12.606209: W tensorflow/core/grappler/optimizers/data/auto_shard.cc:695] AUTO sharding policy will apply DATA sharding policy as it failed to apply FILE sharding policy because of the following reason: Did not find a shardable source, walked to a node which is not a dataset: name: "FlatMapDataset/_9"
op: "FlatMapDataset"
input: "PrefetchDataset/_8"
attr {
  key: "Targuments"
  value {
    list {
    }
  }
}
attr {
  key: "f"
  value {
    func {
      name: "__inference_Dataset_flat_map_slice_batch_indices_102922290"
    }
  }
}
attr {
  key: "output_shapes"
  value {
    list {
      shape {
        dim {
          size: -1
        }
      }
    }
  }
}
attr {
  key: "output_types"
  value {
    list {
      type: DT_INT64
    }
  }
}
. Consider either turning off auto-sharding or switching the auto_shard_policy to DATA to shard this dataset. You can do this by creating a new `tf.data.Options()` object then setting `options.experimental_distribute.auto_shard_policy = AutoShardPolicy.DATA` before applying the options object to the dataset via `dataset.with_options(options)`.
2021-11-07 12:17:02.024635: W tensorflow/core/grappler/optimizers/data/auto_shard.cc:695] AUTO sharding policy will apply DATA sharding policy as it failed to apply FILE sharding policy because of the following reason: Did not find a shardable source, walked to a node which is not a dataset: name: "FlatMapDataset/_9"
op: "FlatMapDataset"
input: "PrefetchDataset/_8"
attr {
  key: "Targuments"
  value {
    list {
    }
  }
}
attr {
  key: "f"
  value {
    func {
      name: "__inference_Dataset_flat_map_slice_batch_indices_168890182"
    }
  }
}
attr {
  key: "output_shapes"
  value {
    list {
      shape {
        dim {
          size: 32
        }
      }
    }
  }
}
attr {
  key: "output_types"
  value {
    list {
      type: DT_INT64
    }
  }
}
. Consider either turning off auto-sharding or switching the auto_shard_policy to DATA to shard this dataset. You can do this by creating a new `tf.data.Options()` object then setting `options.experimental_distribute.auto_shard_policy = AutoShardPolicy.DATA` before applying the options object to the dataset via `dataset.with_options(options)`.
2021-11-07 12:17:04.188379: W tensorflow/core/grappler/optimizers/data/auto_shard.cc:695] AUTO sharding policy will apply DATA sharding policy as it failed to apply FILE sharding policy because of the following reason: Did not find a shardable source, walked to a node which is not a dataset: name: "FlatMapDataset/_9"
op: "FlatMapDataset"
input: "PrefetchDataset/_8"
attr {
  key: "Targuments"
  value {
    list {
    }
  }
}
attr {
  key: "f"
  value {
    func {
      name: "__inference_Dataset_flat_map_slice_batch_indices_168860293"
    }
  }
}
attr {
  key: "output_shapes"
  value {
    list {
      shape {
        dim {
          size: 32
        }
      }
    }
  }
}
attr {
  key: "output_types"
  value {
    list {
      type: DT_INT64
    }
  }
}
. Consider either turning off auto-sharding or switching the auto_shard_policy to DATA to shard this dataset. You can do this by creating a new `tf.data.Options()` object then setting `options.experimental_distribute.auto_shard_policy = AutoShardPolicy.DATA` before applying the options object to the dataset via `dataset.with_options(options)`.
2021-11-07 12:17:06.007680: W tensorflow/core/grappler/optimizers/data/auto_shard.cc:695] AUTO sharding policy will apply DATA sharding policy as it failed to apply FILE sharding policy because of the following reason: Did not find a shardable source, walked to a node which is not a dataset: name: "FlatMapDataset/_9"
op: "FlatMapDataset"
input: "PrefetchDataset/_8"
attr {
  key: "Targuments"
  value {
    list {
    }
  }
}
attr {
  key: "f"
  value {
    func {
      name: "__inference_Dataset_flat_map_slice_batch_indices_168891298"
    }
  }
}
attr {
  key: "output_shapes"
  value {
    list {
      shape {
        dim {
          size: 16
        }
      }
    }
  }
}
attr {
  key: "output_types"
  value {
    list {
      type: DT_INT64
    }
  }
}
. Consider either turning off auto-sharding or switching the auto_shard_policy to DATA to shard this dataset. You can do this by creating a new `tf.data.Options()` object then setting `options.experimental_distribute.auto_shard_policy = AutoShardPolicy.DATA` before applying the options object to the dataset via `dataset.with_options(options)`.
2021-11-07 12:17:08.211640: W tensorflow/core/grappler/optimizers/data/auto_shard.cc:695] AUTO sharding policy will apply DATA sharding policy as it failed to apply FILE sharding policy because of the following reason: Did not find a shardable source, walked to a node which is not a dataset: name: "FlatMapDataset/_9"
op: "FlatMapDataset"
input: "PrefetchDataset/_8"
attr {
  key: "Targuments"
  value {
    list {
    }
  }
}
attr {
  key: "f"
  value {
    func {
      name: "__inference_Dataset_flat_map_slice_batch_indices_168861409"
    }
  }
}
attr {
  key: "output_shapes"
  value {
    list {
      shape {
        dim {
          size: 16
        }
      }
    }
  }
}
attr {
  key: "output_types"
  value {
    list {
      type: DT_INT64
    }
  }
}
. Consider either turning off auto-sharding or switching the auto_shard_policy to DATA to shard this dataset. You can do this by creating a new `tf.data.Options()` object then setting `options.experimental_distribute.auto_shard_policy = AutoShardPolicy.DATA` before applying the options object to the dataset via `dataset.with_options(options)`.
2021-11-07 12:17:17.504342: W tensorflow/core/grappler/optimizers/data/auto_shard.cc:695] AUTO sharding policy will apply DATA sharding policy as it failed to apply FILE sharding policy because of the following reason: Did not find a shardable source, walked to a node which is not a dataset: name: "FlatMapDataset/_9"
op: "FlatMapDataset"
input: "PrefetchDataset/_8"
attr {
  key: "Targuments"
  value {
    list {
    }
  }
}
attr {
  key: "f"
  value {
    func {
      name: "__inference_Dataset_flat_map_slice_batch_indices_168896756"
    }
  }
}
attr {
  key: "output_shapes"
  value {
    list {
      shape {
        dim {
          size: -1
        }
      }
    }
  }
}
attr {
  key: "output_types"
  value {
    list {
      type: DT_INT64
    }
  }
}
. Consider either turning off auto-sharding or switching the auto_shard_policy to DATA to shard this dataset. You can do this by creating a new `tf.data.Options()` object then setting `options.experimental_distribute.auto_shard_policy = AutoShardPolicy.DATA` before applying the options object to the dataset via `dataset.with_options(options)`.
2021-11-07 12:17:20.822095: W tensorflow/core/grappler/optimizers/data/auto_shard.cc:695] AUTO sharding policy will apply DATA sharding policy as it failed to apply FILE sharding policy because of the following reason: Did not find a shardable source, walked to a node which is not a dataset: name: "FlatMapDataset/_9"
op: "FlatMapDataset"
input: "PrefetchDataset/_8"
attr {
  key: "Targuments"
  value {
    list {
    }
  }
}
attr {
  key: "f"
  value {
    func {
      name: "__inference_Dataset_flat_map_slice_batch_indices_168866867"
    }
  }
}
attr {
  key: "output_shapes"
  value {
    list {
      shape {
        dim {
          size: -1
        }
      }
    }
  }
}
attr {
  key: "output_types"
  value {
    list {
      type: DT_INT64
    }
  }
}
. Consider either turning off auto-sharding or switching the auto_shard_policy to DATA to shard this dataset. You can do this by creating a new `tf.data.Options()` object then setting `options.experimental_distribute.auto_shard_policy = AutoShardPolicy.DATA` before applying the options object to the dataset via `dataset.with_options(options)`.
slurmstepd: error: *** JOB 20671113 ON taurusi2059 CANCELLED AT 2021-11-08T07:13:26 DUE TO TIME LIMIT ***
slurmstepd: error: *** JOB 20671198 ON taurusi2085 CANCELLED AT 2021-11-08T07:13:26 DUE TO TIME LIMIT ***
