Starting Program
training starts
*** JOB 'new' (ID: 20580730) ***
*** taurusi2101: 1 node(s),  8 core(s) in total ***
*** Submitted in: /lustre/scratch2/ws/1/medranos-DFTB/raghav/code ***

*** [TIMING] start Oct 29, 16:07:39 ***
*** [TIMING] walltime 3-23:59:54 [95:59:54] ends Nov 02, 15:07:33 ***



JOB OUTPUT:
###########################################################################

training starts
Requirement already satisfied: tensorflow==2.6 in /home/h3/medranos/vdftb20/lib/python3.6/site-packages (2.6.0)
Requirement already satisfied: keras-preprocessing~=1.1.2 in /home/h3/medranos/vdftb20/lib/python3.6/site-packages (from tensorflow==2.6) (1.1.2)
Requirement already satisfied: absl-py~=0.10 in /home/h3/medranos/vdftb20/lib/python3.6/site-packages (from tensorflow==2.6) (0.12.0)
Requirement already satisfied: typing-extensions~=3.7.4 in /home/h3/medranos/vdftb20/lib/python3.6/site-packages (from tensorflow==2.6) (3.7.4.3)
Requirement already satisfied: gast==0.4.0 in /home/h3/medranos/vdftb20/lib/python3.6/site-packages (from tensorflow==2.6) (0.4.0)
Requirement already satisfied: wrapt~=1.12.1 in /home/h3/medranos/vdftb20/lib/python3.6/site-packages (from tensorflow==2.6) (1.12.1)
Requirement already satisfied: google-pasta~=0.2 in /home/h3/medranos/vdftb20/lib/python3.6/site-packages (from tensorflow==2.6) (0.2.0)
Requirement already satisfied: protobuf>=3.9.2 in /home/h3/medranos/vdftb20/lib/python3.6/site-packages (from tensorflow==2.6) (3.15.6)
Requirement already satisfied: six~=1.15.0 in /home/h3/medranos/vdftb20/lib/python3.6/site-packages (from tensorflow==2.6) (1.15.0)
Requirement already satisfied: keras~=2.6 in /home/h3/medranos/vdftb20/lib/python3.6/site-packages (from tensorflow==2.6) (2.6.0)
Requirement already satisfied: numpy~=1.19.2 in /home/h3/medranos/vdftb20/lib/python3.6/site-packages (from tensorflow==2.6) (1.19.5)
Requirement already satisfied: tensorflow-estimator~=2.6 in /home/h3/medranos/vdftb20/lib/python3.6/site-packages (from tensorflow==2.6) (2.6.0)
Requirement already satisfied: clang~=5.0 in /home/h3/medranos/vdftb20/lib/python3.6/site-packages (from tensorflow==2.6) (5.0)
Requirement already satisfied: flatbuffers~=1.12.0 in /home/h3/medranos/vdftb20/lib/python3.6/site-packages (from tensorflow==2.6) (1.12)
Requirement already satisfied: opt-einsum~=3.3.0 in /home/h3/medranos/vdftb20/lib/python3.6/site-packages (from tensorflow==2.6) (3.3.0)
Requirement already satisfied: wheel~=0.35 in /home/h3/medranos/vdftb20/lib/python3.6/site-packages (from tensorflow==2.6) (0.36.2)
Requirement already satisfied: termcolor~=1.1.0 in /home/h3/medranos/vdftb20/lib/python3.6/site-packages (from tensorflow==2.6) (1.1.0)
Requirement already satisfied: tensorboard~=2.6 in /home/h3/medranos/vdftb20/lib/python3.6/site-packages (from tensorflow==2.6) (2.7.0)
Requirement already satisfied: grpcio<2.0,>=1.37.0 in /home/h3/medranos/vdftb20/lib/python3.6/site-packages (from tensorflow==2.6) (1.41.1)
Requirement already satisfied: h5py~=3.1.0 in /home/h3/medranos/vdftb20/lib/python3.6/site-packages (from tensorflow==2.6) (3.1.0)
Requirement already satisfied: astunparse~=1.6.3 in /home/h3/medranos/vdftb20/lib/python3.6/site-packages (from tensorflow==2.6) (1.6.3)
Requirement already satisfied: cached-property in /home/h3/medranos/vdftb20/lib/python3.6/site-packages (from h5py~=3.1.0->tensorflow==2.6) (1.5.2)
Requirement already satisfied: markdown>=2.6.8 in /home/h3/medranos/vdftb20/lib/python3.6/site-packages (from tensorboard~=2.6->tensorflow==2.6) (3.3.4)
Requirement already satisfied: tensorboard-plugin-wit>=1.6.0 in /home/h3/medranos/vdftb20/lib/python3.6/site-packages (from tensorboard~=2.6->tensorflow==2.6) (1.8.0)
Requirement already satisfied: werkzeug>=0.11.15 in /home/h3/medranos/vdftb20/lib/python3.6/site-packages (from tensorboard~=2.6->tensorflow==2.6) (1.0.1)
Requirement already satisfied: requests<3,>=2.21.0 in /home/h3/medranos/vdftb20/lib/python3.6/site-packages (from tensorboard~=2.6->tensorflow==2.6) (2.25.1)
Requirement already satisfied: setuptools>=41.0.0 in /home/h3/medranos/vdftb20/lib/python3.6/site-packages (from tensorboard~=2.6->tensorflow==2.6) (54.2.0)
Requirement already satisfied: tensorboard-data-server<0.7.0,>=0.6.0 in /home/h3/medranos/vdftb20/lib/python3.6/site-packages (from tensorboard~=2.6->tensorflow==2.6) (0.6.1)
Requirement already satisfied: google-auth-oauthlib<0.5,>=0.4.1 in /home/h3/medranos/vdftb20/lib/python3.6/site-packages (from tensorboard~=2.6->tensorflow==2.6) (0.4.3)
Requirement already satisfied: google-auth<3,>=1.6.3 in /home/h3/medranos/vdftb20/lib/python3.6/site-packages (from tensorboard~=2.6->tensorflow==2.6) (1.28.0)
Requirement already satisfied: cachetools<5.0,>=2.0.0 in /home/h3/medranos/vdftb20/lib/python3.6/site-packages (from google-auth<3,>=1.6.3->tensorboard~=2.6->tensorflow==2.6) (4.2.1)
Requirement already satisfied: rsa<5,>=3.1.4 in /home/h3/medranos/vdftb20/lib/python3.6/site-packages (from google-auth<3,>=1.6.3->tensorboard~=2.6->tensorflow==2.6) (4.7.2)
Requirement already satisfied: pyasn1-modules>=0.2.1 in /home/h3/medranos/vdftb20/lib/python3.6/site-packages (from google-auth<3,>=1.6.3->tensorboard~=2.6->tensorflow==2.6) (0.2.8)
Requirement already satisfied: requests-oauthlib>=0.7.0 in /home/h3/medranos/vdftb20/lib/python3.6/site-packages (from google-auth-oauthlib<0.5,>=0.4.1->tensorboard~=2.6->tensorflow==2.6) (1.3.0)
Requirement already satisfied: importlib-metadata in /home/h3/medranos/vdftb20/lib/python3.6/site-packages (from markdown>=2.6.8->tensorboard~=2.6->tensorflow==2.6) (3.7.3)
Requirement already satisfied: pyasn1<0.5.0,>=0.4.6 in /home/h3/medranos/vdftb20/lib/python3.6/site-packages (from pyasn1-modules>=0.2.1->google-auth<3,>=1.6.3->tensorboard~=2.6->tensorflow==2.6) (0.4.8)
Requirement already satisfied: certifi>=2017.4.17 in /home/h3/medranos/vdftb20/lib/python3.6/site-packages (from requests<3,>=2.21.0->tensorboard~=2.6->tensorflow==2.6) (2020.12.5)
Requirement already satisfied: idna<3,>=2.5 in /home/h3/medranos/vdftb20/lib/python3.6/site-packages (from requests<3,>=2.21.0->tensorboard~=2.6->tensorflow==2.6) (2.10)
Requirement already satisfied: chardet<5,>=3.0.2 in /home/h3/medranos/vdftb20/lib/python3.6/site-packages (from requests<3,>=2.21.0->tensorboard~=2.6->tensorflow==2.6) (4.0.0)
Requirement already satisfied: urllib3<1.27,>=1.21.1 in /home/h3/medranos/vdftb20/lib/python3.6/site-packages (from requests<3,>=2.21.0->tensorboard~=2.6->tensorflow==2.6) (1.26.4)
Requirement already satisfied: oauthlib>=3.0.0 in /home/h3/medranos/vdftb20/lib/python3.6/site-packages (from requests-oauthlib>=0.7.0->google-auth-oauthlib<0.5,>=0.4.1->tensorboard~=2.6->tensorflow==2.6) (3.1.0)
Requirement already satisfied: zipp>=0.5 in /home/h3/medranos/vdftb20/lib/python3.6/site-packages (from importlib-metadata->markdown>=2.6.8->tensorboard~=2.6->tensorflow==2.6) (3.4.1)
41537
Trainset= 1000
Perfoming training
(5000, 316)
(5000, 1)
training is over :-)

###########################################################################

*** [TIMING] end Oct 29, 16:40:35 ***
*** [TIMING] duration 33:02[0:32:56] ***

