Starting Program
training starts
*** JOB 'ra-conv2' (ID: 19006333) ***
*** taurusi2103: 1 node(s),  8 core(s) in total ***
*** Submitted in: /lustre/scratch2/ws/1/medranos-DFTB/raghav/code ***

*** [TIMING] start Aug 20, 08:17:48 ***
*** [TIMING] walltime 1-23:59:49 [47:59:49] ends Aug 22, 08:17:37 ***



JOB OUTPUT:
###########################################################################

training starts
41537
Trainset= 1000
Perfoming training
Perfoming training
Saved model to disk
Trainset= 2000
Perfoming training
Perfoming training
Saved model to disk
Trainset= 4000
Perfoming training
Perfoming training
Saved model to disk
Trainset= 8000
Perfoming training
Perfoming training
Saved model to disk
Trainset= 10000
Perfoming training
Perfoming training
Saved model to disk
Trainset= 20000
Perfoming training
Perfoming training
Saved model to disk
Trainset= 30000
Perfoming training
Perfoming training
Saved model to disk
training is over :-)

###########################################################################

*** [TIMING] end Aug 21, 07:50:33 ***
*** [TIMING] duration 23:32:56[23:32:45] ***

